<?xml version="1.0" encoding="UTF-8"?>
<!-- Generated by org.testng.reporters.JUnitXMLReporter -->
<testsuite hostname="DESKTOP-ESATMPN" ignored="0" name="Default test" tests="1" failures="0" timestamp="01 Nov 2018 23:44:17 GMT" time="0.062" errors="0">
  <testcase name="@BeforeMethod setup" time="0.0" classname="practiceSwitchWindowPackage.practiceswitchwindow">
    <failure type="org.testng.TestNGException" message="
Parameter &amp;apos;Url1&amp;apos; is required by BeforeMethod on method setup but has not been marked @Optional or defined
in C:\Users\Pavan\AppData\Local\Temp\testng-eclipse-1764665189\testng-customsuite.xml">
      <![CDATA[org.testng.TestNGException: 
Parameter 'Url1' is required by BeforeMethod on method setup but has not been marked @Optional or defined
in C:\Users\Pavan\AppData\Local\Temp\testng-eclipse-1764665189\testng-customsuite.xml
	at org.testng.internal.Parameters.createParameters(Parameters.java:199)
	at org.testng.internal.Parameters.createParameters(Parameters.java:443)
	at org.testng.internal.Parameters.createConfigurationParameters(Parameters.java:118)
	at org.testng.internal.Invoker.invokeConfigurations(Invoker.java:206)
	at org.testng.internal.Invoker.invokeMethod(Invoker.java:599)
	at org.testng.internal.Invoker.invokeTestMethod(Invoker.java:869)
	at org.testng.internal.Invoker.invokeTestMethods(Invoker.java:1193)
	at org.testng.internal.TestMethodWorker.invokeTestMethods(TestMethodWorker.java:126)
	at org.testng.internal.TestMethodWorker.run(TestMethodWorker.java:109)
	at org.testng.TestRunner.privateRun(TestRunner.java:744)
	at org.testng.TestRunner.run(TestRunner.java:602)
	at org.testng.SuiteRunner.runTest(SuiteRunner.java:380)
	at org.testng.SuiteRunner.runSequentially(SuiteRunner.java:375)
	at org.testng.SuiteRunner.privateRun(SuiteRunner.java:340)
	at org.testng.SuiteRunner.run(SuiteRunner.java:289)
	at org.testng.SuiteRunnerWorker.runSuite(SuiteRunnerWorker.java:52)
	at org.testng.SuiteRunnerWorker.run(SuiteRunnerWorker.java:86)
	at org.testng.TestNG.runSuitesSequentially(TestNG.java:1301)
	at org.testng.TestNG.runSuitesLocally(TestNG.java:1226)
	at org.testng.TestNG.runSuites(TestNG.java:1144)
	at org.testng.TestNG.run(TestNG.java:1115)
	at org.testng.remote.AbstractRemoteTestNG.run(AbstractRemoteTestNG.java:114)
	at org.testng.remote.RemoteTestNG.initAndRun(RemoteTestNG.java:251)
	at org.testng.remote.RemoteTestNG.main(RemoteTestNG.java:77)
]]>
    </failure>
  </testcase> <!-- @BeforeMethod setup -->
  <testcase name="@AfterTest takeScreenshotAtEndOfTest" time="0.0" classname="practiceSwitchWindowPackage.practiceswitchwindow">
    <skipped/>
  </testcase> <!-- @AfterTest takeScreenshotAtEndOfTest -->
  <testcase name="testingmultifulwindow" time="0.001" classname="practiceSwitchWindowPackage.practiceswitchwindow">
    <skipped/>
  </testcase> <!-- testingmultifulwindow -->
</testsuite> <!-- Default test -->
